<?xml version="1.0" encoding="UTF-8"?>
<!-- Generated by org.testng.reporters.JUnitReportReporter -->
<testsuite hostname="LAPTOP-6MS1Q367" failures="0" tests="1" name="com.assignment.fancode.FancodeTest" time="1.914" errors="0" timestamp="2023-09-26T20:17:55 IST" skipped="0">
  <testcase classname="com.assignment.fancode.FancodeTest" name="TaskCompletedMoreThan50PercentTest" time="1.914"/>
  <system-out/>
</testsuite> <!-- com.assignment.fancode.FancodeTest -->
